<?xml version="1.0" encoding="UTF-8"?>
<!-- Generated by org.testng.reporters.JUnitReportReporter -->
<testsuite skipped="0" hostname="LAPTOP-PPEV7QFL" name="com.firstFramework.app.SeleniumTest" tests="2" failures="0" timestamp="22 Mar 2018 15:30:33 GMT" time="0.018" errors="0">
  <testcase name="BrowserAutomation" time="0.016" classname="com.firstFramework.app.SeleniumTest"/>
  <testcase name="elementsUI" time="0.002" classname="com.firstFramework.app.SeleniumTest"/>
</testsuite> <!-- com.firstFramework.app.SeleniumTest -->
