<?xml version="1.0" encoding="UTF-8"?>
<!-- Generated by org.testng.reporters.JUnitReportReporter -->
<testsuite skipped="0" hostname="LAPTOP-PPEV7QFL" name="tests.EbayLinks3Test" tests="1" failures="0" timestamp="25 Mar 2018 14:16:10 GMT" time="25.760" errors="0">
  <testcase name="CountLinksOnEbayHomepage" time="25.760" classname="tests.EbayLinks3Test"/>
</testsuite> <!-- tests.EbayLinks3Test -->
