<?xml version="1.0" encoding="UTF-8"?>
<!-- Generated by org.testng.reporters.JUnitReportReporter -->
<testsuite skipped="0" hostname="LAPTOP-PPEV7QFL" name="tests.EbayLinks2Test" tests="3" failures="0" timestamp="25 Mar 2018 14:16:10 GMT" time="94.905" errors="0">
  <testcase name="CountLinksInSecondColumnOfFooter" time="33.038" classname="tests.EbayLinks2Test"/>
  <testcase name="CountLinksInFooterEbayHomepage" time="36.783" classname="tests.EbayLinks2Test"/>
  <testcase name="CountLinksOnEbayHomepage" time="25.084" classname="tests.EbayLinks2Test"/>
</testsuite> <!-- tests.EbayLinks2Test -->
