<?xml version="1.0" encoding="UTF-8"?>
<!-- Generated by org.testng.reporters.JUnitReportReporter -->
<testsuite skipped="0" hostname="LAPTOP-PPEV7QFL" name="com.firstFramework.app.SeleniumTest" tests="2" failures="0" timestamp="21 Mar 2018 17:08:06 GMT" time="0.027" errors="0">
  <testcase name="elementsUI" time="0.000" classname="com.firstFramework.app.SeleniumTest"/>
  <testcase name="BrowserAutomation" time="0.027" classname="com.firstFramework.app.SeleniumTest"/>
</testsuite> <!-- com.firstFramework.app.SeleniumTest -->
