<?xml version="1.0" encoding="UTF-8"?>
<!-- Generated by org.testng.reporters.JUnitReportReporter -->
<testsuite skipped="0" hostname="LAPTOP-PPEV7QFL" name="com.firstFramework.app.RestAPITest" tests="1" failures="0" timestamp="21 Mar 2018 17:08:06 GMT" time="0.004" errors="0">
  <testcase name="postJira" time="0.004" classname="com.firstFramework.app.RestAPITest"/>
</testsuite> <!-- com.firstFramework.app.RestAPITest -->
