<?xml version="1.0" encoding="UTF-8"?>
<!-- Generated by org.testng.reporters.JUnitReportReporter -->
<testsuite skipped="0" hostname="LAPTOP-PPEV7QFL" name="tests.LoginToOutlookChromeTest" tests="1" failures="0" timestamp="30 Mar 2018 15:42:14 GMT" time="16.080" errors="0">
  <testcase name="OpenOutlookPage" time="16.080" classname="tests.LoginToOutlookChromeTest"/>
</testsuite> <!-- tests.LoginToOutlookChromeTest -->
