<?xml version="1.0" encoding="UTF-8"?>
<!-- Generated by org.testng.reporters.JUnitReportReporter -->
<testsuite skipped="0" hostname="LAPTOP-PPEV7QFL" name="tests.EbayLinks2" tests="3" failures="0" timestamp="24 Mar 2018 23:30:19 GMT" time="32.820" errors="0">
  <testcase name="CountLinksInFooterEbayHomepage" time="12.542" classname="tests.EbayLinks2"/>
  <testcase name="CountLinksInSecondColumnOfFooter" time="10.145" classname="tests.EbayLinks2"/>
  <testcase name="CountLinksOnEbayHomepage" time="10.133" classname="tests.EbayLinks2"/>
</testsuite> <!-- tests.EbayLinks2 -->
