<?xml version="1.0" encoding="UTF-8"?>
<!-- Generated by org.testng.reporters.JUnitReportReporter -->
<testsuite skipped="0" hostname="LAPTOP-PPEV7QFL" name="tests.EbayLinks3" tests="1" failures="0" timestamp="25 Mar 2018 00:06:19 GMT" time="16.565" errors="0">
  <testcase name="CountLinksOnEbayHomepage" time="16.565" classname="tests.EbayLinks3"/>
</testsuite> <!-- tests.EbayLinks3 -->
