<?xml version="1.0" encoding="UTF-8"?>
<!-- Generated by org.testng.reporters.JUnitReportReporter -->
<testsuite skipped="0" hostname="LAPTOP-PPEV7QFL" name="tests.LoginToOutlookChrome" tests="1" failures="0" timestamp="24 Mar 2018 17:28:52 GMT" time="58.030" errors="0">
  <testcase name="OpenOutlookPage" time="58.030" classname="tests.LoginToOutlookChrome"/>
</testsuite> <!-- tests.LoginToOutlookChrome -->
