<?xml version="1.0" encoding="UTF-8"?>
<!-- Generated by org.testng.reporters.JUnitReportReporter -->
<testsuite skipped="0" hostname="LAPTOP-PPEV7QFL" name="tests.LoginToOutlookChrome" tests="1" failures="0" timestamp="25 Mar 2018 00:04:26 GMT" time="37.073" errors="0">
  <testcase name="OpenOutlookPage" time="37.073" classname="tests.LoginToOutlookChrome"/>
</testsuite> <!-- tests.LoginToOutlookChrome -->
