<?xml version="1.0" encoding="UTF-8"?>
<!-- Generated by org.testng.reporters.JUnitReportReporter -->
<testsuite skipped="0" hostname="LAPTOP-PPEV7QFL" name="tests.LoginToOutlookChromeTest" tests="1" failures="0" timestamp="27 Mar 2018 17:32:49 GMT" time="28.887" errors="0">
  <testcase name="OpenOutlookPage" time="28.887" classname="tests.LoginToOutlookChromeTest"/>
</testsuite> <!-- tests.LoginToOutlookChromeTest -->
