<?xml version="1.0" encoding="UTF-8"?>
<!-- Generated by org.testng.reporters.JUnitReportReporter -->
<testsuite skipped="0" hostname="LAPTOP-PPEV7QFL" name="tests.LoginToOutlookChrome" tests="1" failures="0" timestamp="23 Mar 2018 22:06:08 GMT" time="12.758" errors="0">
  <testcase name="OpenOutlookPage" time="12.758" classname="tests.LoginToOutlookChrome"/>
</testsuite> <!-- tests.LoginToOutlookChrome -->
