<?xml version="1.0" encoding="UTF-8"?>
<!-- Generated by org.testng.reporters.JUnitReportReporter -->
<testsuite skipped="0" hostname="LAPTOP-PPEV7QFL" name="tests.EbayLinks" tests="1" failures="0" timestamp="23 Mar 2018 21:25:37 GMT" time="17.453" errors="0">
  <testcase name="CountLinksOnEbayHomepage" time="17.453" classname="tests.EbayLinks"/>
</testsuite> <!-- tests.EbayLinks -->
